{"/home/lmartins/Documentos/trybe-exercises/BACK-END/bloco-28-autenticacao-e-upload-de-arquivos/dia-3-nodejs-testando-apis-com-testes-de-integracao/fixacao/nodejs-jwt-base-project-master/src/api/app.js":{"path":"/home/lmartins/Documentos/trybe-exercises/BACK-END/bloco-28-autenticacao-e-upload-de-arquivos/dia-3-nodejs-testando-apis-com-testes-de-integracao/fixacao/nodejs-jwt-base-project-master/src/api/app.js","statementMap":{"0":{"start":{"line":2,"column":16},"end":{"line":2,"column":34}},"1":{"start":{"line":3,"column":19},"end":{"line":3,"column":41}},"2":{"start":{"line":4,"column":15},"end":{"line":4,"column":34}},"3":{"start":{"line":6,"column":12},"end":{"line":6,"column":21}},"4":{"start":{"line":8,"column":0},"end":{"line":8,"column":52}},"5":{"start":{"line":9,"column":0},"end":{"line":9,"column":27}},"6":{"start":{"line":11,"column":18},"end":{"line":11,"column":34}},"7":{"start":{"line":12,"column":0},"end":{"line":12,"column":45}},"8":{"start":{"line":13,"column":0},"end":{"line":13,"column":49}},"9":{"start":{"line":14,"column":0},"end":{"line":14,"column":43}},"10":{"start":{"line":16,"column":0},"end":{"line":16,"column":19}},"11":{"start":{"line":22,"column":0},"end":{"line":22,"column":21}}},"fnMap":{},"branchMap":{},"s":{"0":1,"1":1,"2":1,"3":1,"4":1,"5":1,"6":1,"7":1,"8":1,"9":1,"10":1,"11":1},"f":{},"b":{},"_coverageSchema":"1a1c01bbd47fc00a2c39e90264f33305004495a9","hash":"cf60d5b73dd41900562afcf0cb3f065cfdf1c3da","contentHash":"a3164557347846e383761aa77314ad6aecd8d067a0192df7f2125561c921d6f3"},"/home/lmartins/Documentos/trybe-exercises/BACK-END/bloco-28-autenticacao-e-upload-de-arquivos/dia-3-nodejs-testando-apis-com-testes-de-integracao/fixacao/nodejs-jwt-base-project-master/src/api/routes.js":{"path":"/home/lmartins/Documentos/trybe-exercises/BACK-END/bloco-28-autenticacao-e-upload-de-arquivos/dia-3-nodejs-testando-apis-com-testes-de-integracao/fixacao/nodejs-jwt-base-project-master/src/api/routes.js","statementMap":{"0":{"start":{"line":1,"column":17},"end":{"line":1,"column":48}},"1":{"start":{"line":2,"column":20},"end":{"line":2,"column":56}},"2":{"start":{"line":3,"column":14},"end":{"line":3,"column":45}},"3":{"start":{"line":5,"column":0},"end":{"line":9,"column":2}}},"fnMap":{},"branchMap":{},"s":{"0":1,"1":1,"2":1,"3":1},"f":{},"b":{},"_coverageSchema":"1a1c01bbd47fc00a2c39e90264f33305004495a9","hash":"267d833dfd58b54bd6af8b0a907daa2c698bd657","contentHash":"7cbbafb7d323076c6a39e1c548dc1126c61ad3326fabc76dbf8dcb6b7a9acf3d"},"/home/lmartins/Documentos/trybe-exercises/BACK-END/bloco-28-autenticacao-e-upload-de-arquivos/dia-3-nodejs-testando-apis-com-testes-de-integracao/fixacao/nodejs-jwt-base-project-master/src/controllers/posts.js":{"path":"/home/lmartins/Documentos/trybe-exercises/BACK-END/bloco-28-autenticacao-e-upload-de-arquivos/dia-3-nodejs-testando-apis-com-testes-de-integracao/fixacao/nodejs-jwt-base-project-master/src/controllers/posts.js","statementMap":{"0":{"start":{"line":1,"column":18},"end":{"line":18,"column":1}},"1":{"start":{"line":20,"column":0},"end":{"line":23,"column":2}},"2":{"start":{"line":21,"column":2},"end":{"line":21,"column":24}},"3":{"start":{"line":22,"column":2},"end":{"line":22,"column":38}}},"fnMap":{"0":{"name":"(anonymous_0)","decl":{"start":{"line":20,"column":17},"end":{"line":20,"column":18}},"loc":{"start":{"line":20,"column":31},"end":{"line":23,"column":1}},"line":20}},"branchMap":{},"s":{"0":1,"1":1,"2":0,"3":0},"f":{"0":0},"b":{},"_coverageSchema":"1a1c01bbd47fc00a2c39e90264f33305004495a9","hash":"ccf86af67a1b028c2b4a7c66fe5fb0ade8bfb5f1","contentHash":"1d30d21dda2dc6d751dfb859b292ac09507ea0fe516cad1d1027b3a3e88077c8"},"/home/lmartins/Documentos/trybe-exercises/BACK-END/bloco-28-autenticacao-e-upload-de-arquivos/dia-3-nodejs-testando-apis-com-testes-de-integracao/fixacao/nodejs-jwt-base-project-master/src/controllers/createUser.js":{"path":"/home/lmartins/Documentos/trybe-exercises/BACK-END/bloco-28-autenticacao-e-upload-de-arquivos/dia-3-nodejs-testando-apis-com-testes-de-integracao/fixacao/nodejs-jwt-base-project-master/src/controllers/createUser.js","statementMap":{"0":{"start":{"line":1,"column":14},"end":{"line":1,"column":39}},"1":{"start":{"line":3,"column":0},"end":{"line":16,"column":2}},"2":{"start":{"line":4,"column":2},"end":{"line":15,"column":3}},"3":{"start":{"line":5,"column":35},"end":{"line":5,"column":43}},"4":{"start":{"line":6,"column":17},"end":{"line":6,"column":61}},"5":{"start":{"line":8,"column":4},"end":{"line":8,"column":27}},"6":{"start":{"line":8,"column":15},"end":{"line":8,"column":27}},"7":{"start":{"line":10,"column":4},"end":{"line":10,"column":79}},"8":{"start":{"line":12,"column":4},"end":{"line":14,"column":82}}},"fnMap":{"0":{"name":"(anonymous_0)","decl":{"start":{"line":3,"column":17},"end":{"line":3,"column":18}},"loc":{"start":{"line":3,"column":37},"end":{"line":16,"column":1}},"line":3}},"branchMap":{"0":{"loc":{"start":{"line":8,"column":4},"end":{"line":8,"column":27}},"type":"if","locations":[{"start":{"line":8,"column":4},"end":{"line":8,"column":27}},{"start":{"line":8,"column":4},"end":{"line":8,"column":27}}],"line":8}},"s":{"0":1,"1":1,"2":1,"3":1,"4":1,"5":1,"6":0,"7":1,"8":0},"f":{"0":1},"b":{"0":[0,1]},"_coverageSchema":"1a1c01bbd47fc00a2c39e90264f33305004495a9","hash":"3ea925e086103209053acce38e4217f93eb92186","contentHash":"f578ccc05630af8cd2b1b233730e27abe2d4143e7aa83637ac0efd478a8905a4"},"/home/lmartins/Documentos/trybe-exercises/BACK-END/bloco-28-autenticacao-e-upload-de-arquivos/dia-3-nodejs-testando-apis-com-testes-de-integracao/fixacao/nodejs-jwt-base-project-master/src/models/user.js":{"path":"/home/lmartins/Documentos/trybe-exercises/BACK-END/bloco-28-autenticacao-e-upload-de-arquivos/dia-3-nodejs-testando-apis-com-testes-de-integracao/fixacao/nodejs-jwt-base-project-master/src/models/user.js","statementMap":{"0":{"start":{"line":1,"column":16},"end":{"line":1,"column":39}},"1":{"start":{"line":3,"column":21},"end":{"line":7,"column":1}},"2":{"start":{"line":4,"column":13},"end":{"line":4,"column":28}},"3":{"start":{"line":5,"column":22},"end":{"line":5,"column":84}},"4":{"start":{"line":6,"column":2},"end":{"line":6,"column":37}},"5":{"start":{"line":9,"column":17},"end":{"line":13,"column":1}},"6":{"start":{"line":10,"column":13},"end":{"line":10,"column":28}},"7":{"start":{"line":11,"column":19},"end":{"line":11,"column":69}},"8":{"start":{"line":12,"column":2},"end":{"line":12,"column":18}},"9":{"start":{"line":15,"column":0},"end":{"line":15,"column":44}}},"fnMap":{"0":{"name":"(anonymous_0)","decl":{"start":{"line":3,"column":21},"end":{"line":3,"column":22}},"loc":{"start":{"line":3,"column":51},"end":{"line":7,"column":1}},"line":3},"1":{"name":"(anonymous_1)","decl":{"start":{"line":9,"column":17},"end":{"line":9,"column":18}},"loc":{"start":{"line":9,"column":37},"end":{"line":13,"column":1}},"line":9}},"branchMap":{},"s":{"0":1,"1":1,"2":1,"3":1,"4":1,"5":1,"6":0,"7":0,"8":0,"9":1},"f":{"0":1,"1":0},"b":{},"_coverageSchema":"1a1c01bbd47fc00a2c39e90264f33305004495a9","hash":"41f12999359fb4aa9992239341a90eb24b1cab00","contentHash":"03a2548f4dfe737a9285a7e711881a2d2527c4c8fdc98b624dc14d85944fc1f9"},"/home/lmartins/Documentos/trybe-exercises/BACK-END/bloco-28-autenticacao-e-upload-de-arquivos/dia-3-nodejs-testando-apis-com-testes-de-integracao/fixacao/nodejs-jwt-base-project-master/src/models/connection.js":{"path":"/home/lmartins/Documentos/trybe-exercises/BACK-END/bloco-28-autenticacao-e-upload-de-arquivos/dia-3-nodejs-testando-apis-com-testes-de-integracao/fixacao/nodejs-jwt-base-project-master/src/models/connection.js","statementMap":{"0":{"start":{"line":1,"column":24},"end":{"line":1,"column":42}},"1":{"start":{"line":3,"column":21},"end":{"line":3,"column":48}},"2":{"start":{"line":5,"column":13},"end":{"line":5,"column":17}},"3":{"start":{"line":8,"column":2},"end":{"line":8,"column":45}},"4":{"start":{"line":8,"column":14},"end":{"line":8,"column":45}},"5":{"start":{"line":9,"column":2},"end":{"line":21,"column":7}},"6":{"start":{"line":14,"column":20},"end":{"line":14,"column":43}},"7":{"start":{"line":16,"column":6},"end":{"line":16,"column":24}},"8":{"start":{"line":17,"column":6},"end":{"line":17,"column":20}},"9":{"start":{"line":20,"column":6},"end":{"line":20,"column":25}},"10":{"start":{"line":24,"column":0},"end":{"line":24,"column":28}}},"fnMap":{"0":{"name":"connection","decl":{"start":{"line":7,"column":15},"end":{"line":7,"column":25}},"loc":{"start":{"line":7,"column":28},"end":{"line":22,"column":1}},"line":7},"1":{"name":"(anonymous_1)","decl":{"start":{"line":14,"column":10},"end":{"line":14,"column":11}},"loc":{"start":{"line":14,"column":20},"end":{"line":14,"column":43}},"line":14},"2":{"name":"(anonymous_2)","decl":{"start":{"line":15,"column":10},"end":{"line":15,"column":11}},"loc":{"start":{"line":15,"column":24},"end":{"line":18,"column":5}},"line":15},"3":{"name":"(anonymous_3)","decl":{"start":{"line":19,"column":11},"end":{"line":19,"column":12}},"loc":{"start":{"line":19,"column":20},"end":{"line":21,"column":5}},"line":19}},"branchMap":{"0":{"loc":{"start":{"line":8,"column":2},"end":{"line":8,"column":45}},"type":"if","locations":[{"start":{"line":8,"column":2},"end":{"line":8,"column":45}},{"start":{"line":8,"column":2},"end":{"line":8,"column":45}}],"line":8}},"s":{"0":1,"1":1,"2":1,"3":1,"4":0,"5":1,"6":1,"7":1,"8":1,"9":0,"10":1},"f":{"0":1,"1":1,"2":1,"3":0},"b":{"0":[0,1]},"_coverageSchema":"1a1c01bbd47fc00a2c39e90264f33305004495a9","hash":"1e2df2779ae24a6caea039a9111c2b340aa2c4c1","contentHash":"d7d8671a68b9f650185d44e0da03e8422f668da9a3e7cf69b8978a124b64abff"},"/home/lmartins/Documentos/trybe-exercises/BACK-END/bloco-28-autenticacao-e-upload-de-arquivos/dia-3-nodejs-testando-apis-com-testes-de-integracao/fixacao/nodejs-jwt-base-project-master/src/controllers/login.js":{"path":"/home/lmartins/Documentos/trybe-exercises/BACK-END/bloco-28-autenticacao-e-upload-de-arquivos/dia-3-nodejs-testando-apis-com-testes-de-integracao/fixacao/nodejs-jwt-base-project-master/src/controllers/login.js","statementMap":{"0":{"start":{"line":1,"column":14},"end":{"line":1,"column":39}},"1":{"start":{"line":2,"column":12},"end":{"line":2,"column":35}},"2":{"start":{"line":6,"column":15},"end":{"line":6,"column":33}},"3":{"start":{"line":8,"column":0},"end":{"line":47,"column":2}},"4":{"start":{"line":9,"column":2},"end":{"line":46,"column":3}},"5":{"start":{"line":10,"column":35},"end":{"line":10,"column":43}},"6":{"start":{"line":12,"column":4},"end":{"line":15,"column":76}},"7":{"start":{"line":13,"column":6},"end":{"line":15,"column":76}},"8":{"start":{"line":17,"column":17},"end":{"line":17,"column":46}},"9":{"start":{"line":19,"column":4},"end":{"line":20,"column":87}},"10":{"start":{"line":20,"column":6},"end":{"line":20,"column":87}},"11":{"start":{"line":29,"column":22},"end":{"line":32,"column":5}},"12":{"start":{"line":40,"column":18},"end":{"line":40,"column":61}},"13":{"start":{"line":43,"column":4},"end":{"line":43,"column":36}},"14":{"start":{"line":45,"column":4},"end":{"line":45,"column":81}}},"fnMap":{"0":{"name":"(anonymous_0)","decl":{"start":{"line":8,"column":17},"end":{"line":8,"column":18}},"loc":{"start":{"line":8,"column":37},"end":{"line":47,"column":1}},"line":8}},"branchMap":{"0":{"loc":{"start":{"line":12,"column":4},"end":{"line":15,"column":76}},"type":"if","locations":[{"start":{"line":12,"column":4},"end":{"line":15,"column":76}},{"start":{"line":12,"column":4},"end":{"line":15,"column":76}}],"line":12},"1":{"loc":{"start":{"line":12,"column":8},"end":{"line":12,"column":30}},"type":"binary-expr","locations":[{"start":{"line":12,"column":8},"end":{"line":12,"column":17}},{"start":{"line":12,"column":21},"end":{"line":12,"column":30}}],"line":12},"2":{"loc":{"start":{"line":19,"column":4},"end":{"line":20,"column":87}},"type":"if","locations":[{"start":{"line":19,"column":4},"end":{"line":20,"column":87}},{"start":{"line":19,"column":4},"end":{"line":20,"column":87}}],"line":19},"3":{"loc":{"start":{"line":19,"column":8},"end":{"line":19,"column":43}},"type":"binary-expr","locations":[{"start":{"line":19,"column":8},"end":{"line":19,"column":13}},{"start":{"line":19,"column":17},"end":{"line":19,"column":43}}],"line":19}},"s":{"0":1,"1":1,"2":1,"3":1,"4":0,"5":0,"6":0,"7":0,"8":0,"9":0,"10":0,"11":0,"12":0,"13":0,"14":0},"f":{"0":0},"b":{"0":[0,0],"1":[0,0],"2":[0,0],"3":[0,0]},"_coverageSchema":"1a1c01bbd47fc00a2c39e90264f33305004495a9","hash":"cb10a0f50a3cf8834bb60c1b47812ba6671924bc","contentHash":"9d1bccb06c48901a0a9a4d2f0f868d33cab5fabcf571bb6aab7a7e27b2b00b33"}}